<?xml version="1.0" encoding="UTF-8"?>
<!-- Generated by org.testng.reporters.JUnitXMLReporter -->
<testsuite hostname="DESKTOP-224BKO0" ignored="0" name="Default test" tests="3" failures="0" timestamp="09 Mar 2023 11:34:23 GMT" time="0.064" errors="0">
  <testcase name="playS4" time="0.02" classname="testCase.songsPlayed"/>
  <testcase name="playS2" time="0.001" classname="testCase.songsPlayed"/>
  <testcase name="playS1" time="0.001" classname="testCase.songsPlayed"/>
</testsuite> <!-- Default test -->
