<?xml version="1.0" encoding="UTF-8"?>
<testsuite xmlns:xsi="http://www.w3.org/2001/XMLSchema-instance" xsi:noNamespaceSchemaLocation="https://maven.apache.org/surefire/maven-surefire-plugin/xsd/surefire-test-report.xsd" name="TestSuite" time="0.306" tests="3" errors="0" skipped="0" failures="0">
  <properties>
[...]
</properties>
  <testcase name="playS4" classname="testCase.songsPlayed" time="0.002"/>
  <testcase name="playS2" classname="testCase.songsPlayed" time="0.001"/>
  <testcase name="playS1" classname="testCase.songsPlayed" time="0.003"/>
</testsuite>