<?xml version="1.0" encoding="UTF-8"?>
<testng-results skipped="0" failed="0" ignored="0" total="3" passed="3">
  <reporter-output>
  </reporter-output>
  <suite name="TVT" duration-ms="60" started-at="2023-03-09T17:25:14Z" finished-at="2023-03-09T17:25:14Z">
    <groups>
    </groups>
    <test name="songTestCase" duration-ms="60" started-at="2023-03-09T17:25:14Z" finished-at="2023-03-09T17:25:14Z">
      <class name="testCase.songsPlayed">
        <test-method status="PASS" signature="setUp()[pri:0, instance:testCase.songsPlayed@735f7ae5]" name="setUp" is-config="true" duration-ms="38" started-at="2023-03-09T17:25:14Z" finished-at="2023-03-09T17:25:14Z">
          <reporter-output>
          </reporter-output>
        </test-method> <!-- setUp -->
        <test-method status="PASS" signature="playS4()[pri:0, instance:testCase.songsPlayed@735f7ae5]" name="playS4" duration-ms="2" started-at="2023-03-09T17:25:14Z" finished-at="2023-03-09T17:25:14Z">
          <reporter-output>
          </reporter-output>
        </test-method> <!-- playS4 -->
        <test-method status="PASS" signature="playS2()[pri:1, instance:testCase.songsPlayed@735f7ae5]" name="playS2" duration-ms="2" started-at="2023-03-09T17:25:14Z" depends-on-methods="testCase.songsPlayed.playS4" finished-at="2023-03-09T17:25:14Z">
          <reporter-output>
          </reporter-output>
        </test-method> <!-- playS2 -->
        <test-method status="PASS" signature="playS1()[pri:2, instance:testCase.songsPlayed@735f7ae5]" name="playS1" duration-ms="3" started-at="2023-03-09T17:25:14Z" depends-on-methods="testCase.songsPlayed.playS2" finished-at="2023-03-09T17:25:14Z">
          <reporter-output>
          </reporter-output>
        </test-method> <!-- playS1 -->
      </class> <!-- testCase.songsPlayed -->
    </test> <!-- songTestCase -->
  </suite> <!-- TVT -->
</testng-results>
