<?xml version="1.0" encoding="UTF-8"?>
<testng-results skipped="0" failed="0" ignored="0" total="3" passed="3">
  <reporter-output>
  </reporter-output>
  <suite name="Default suite" duration-ms="64" started-at="2023-03-09T11:34:23Z" finished-at="2023-03-09T11:34:23Z">
    <groups>
    </groups>
    <test name="Default test" duration-ms="64" started-at="2023-03-09T11:34:23Z" finished-at="2023-03-09T11:34:23Z">
      <class name="testCase.songsPlayed">
        <test-method status="PASS" signature="setUp()[pri:0, instance:testCase.songsPlayed@4520ebad]" name="setUp" is-config="true" duration-ms="17" started-at="2023-03-09T11:34:23Z" finished-at="2023-03-09T11:34:23Z">
          <reporter-output>
          </reporter-output>
        </test-method> <!-- setUp -->
        <test-method status="PASS" signature="playS4()[pri:0, instance:testCase.songsPlayed@4520ebad]" name="playS4" duration-ms="20" started-at="2023-03-09T11:34:23Z" finished-at="2023-03-09T11:34:23Z">
          <reporter-output>
          </reporter-output>
        </test-method> <!-- playS4 -->
        <test-method status="PASS" signature="playS2()[pri:1, instance:testCase.songsPlayed@4520ebad]" name="playS2" duration-ms="1" started-at="2023-03-09T11:34:23Z" depends-on-methods="testCase.songsPlayed.playS4" finished-at="2023-03-09T11:34:23Z">
          <reporter-output>
          </reporter-output>
        </test-method> <!-- playS2 -->
        <test-method status="PASS" signature="playS1()[pri:2, instance:testCase.songsPlayed@4520ebad]" name="playS1" duration-ms="1" started-at="2023-03-09T11:34:23Z" depends-on-methods="testCase.songsPlayed.playS2" finished-at="2023-03-09T11:34:23Z">
          <reporter-output>
          </reporter-output>
        </test-method> <!-- playS1 -->
      </class> <!-- testCase.songsPlayed -->
    </test> <!-- Default test -->
  </suite> <!-- Default suite -->
</testng-results>
